<?xml version="1.0" encoding="UTF-8"?>
<coverage generated="1553839644277" clover="3.2.0">
  <project timestamp="1553839644277" name="All files">
    <metrics statements="69" coveredstatements="35" conditionals="58" coveredconditionals="22" methods="17" coveredmethods="8" elements="144" coveredelements="65" complexity="0" loc="69" ncloc="69" packages="1" files="1" classes="1"/>
    <file name="index.ts" path="/Volumes/Data/plumier/typedconverter/src/index.ts">
      <metrics statements="69" coveredstatements="35" conditionals="58" coveredconditionals="22" methods="17" coveredmethods="8"/>
      <line num="1" count="1" type="stmt"/>
      <line num="13" count="0" type="cond" truecount="0" falsecount="1"/>
      <line num="14" count="0" type="stmt"/>
      <line num="15" count="0" type="stmt"/>
      <line num="24" count="0" type="stmt"/>
      <line num="25" count="0" type="stmt"/>
      <line num="31" count="0" type="stmt"/>
      <line num="33" count="0" type="stmt"/>
      <line num="46" count="0" type="stmt"/>
      <line num="48" count="1" type="stmt"/>
      <line num="54" count="1" type="stmt"/>
      <line num="57" count="0" type="stmt"/>
      <line num="58" count="0" type="cond" truecount="0" falsecount="2"/>
      <line num="59" count="0" type="stmt"/>
      <line num="60" count="0" type="stmt"/>
      <line num="62" count="0" type="stmt"/>
      <line num="70" count="1" type="cond" truecount="2" falsecount="0"/>
      <line num="71" count="1" type="stmt"/>
      <line num="72" count="0" type="stmt"/>
      <line num="77" count="0" type="stmt"/>
      <line num="78" count="0" type="cond" truecount="0" falsecount="2"/>
      <line num="79" count="0" type="stmt"/>
      <line num="82" count="1" type="stmt"/>
      <line num="83" count="0" type="stmt"/>
      <line num="84" count="0" type="stmt"/>
      <line num="85" count="0" type="cond" truecount="0" falsecount="4"/>
      <line num="86" count="0" type="stmt"/>
      <line num="89" count="1" type="stmt"/>
      <line num="90" count="0" type="stmt"/>
      <line num="91" count="0" type="stmt"/>
      <line num="92" count="0" type="cond" truecount="0" falsecount="4"/>
      <line num="93" count="0" type="stmt"/>
      <line num="96" count="1" type="stmt"/>
      <line num="98" count="1" type="stmt"/>
      <line num="99" count="1" type="cond" truecount="3" falsecount="0"/>
      <line num="103" count="1" type="cond" truecount="1" falsecount="1"/>
      <line num="104" count="1" type="stmt"/>
      <line num="106" count="1" type="stmt"/>
      <line num="108" count="1" type="cond" truecount="1" falsecount="1"/>
      <line num="109" count="1" type="stmt"/>
      <line num="112" count="0" type="stmt"/>
      <line num="114" count="0" type="cond" truecount="0" falsecount="2"/>
      <line num="115" count="0" type="stmt"/>
      <line num="117" count="1" type="stmt"/>
      <line num="120" count="1" type="stmt"/>
      <line num="122" count="0" type="cond" truecount="0" falsecount="2"/>
      <line num="123" count="0" type="cond" truecount="0" falsecount="2"/>
      <line num="124" count="0" type="stmt"/>
      <line num="133" count="1" type="cond" truecount="3" falsecount="1"/>
      <line num="134" count="1" type="cond" truecount="1" falsecount="1"/>
      <line num="135" count="1" type="cond" truecount="1" falsecount="1"/>
      <line num="137" count="1" type="cond" truecount="1" falsecount="1"/>
      <line num="138" count="0" type="stmt"/>
      <line num="140" count="1" type="cond" truecount="1" falsecount="1"/>
      <line num="141" count="0" type="stmt"/>
      <line num="143" count="1" type="cond" truecount="1" falsecount="1"/>
      <line num="144" count="1" type="stmt"/>
      <line num="147" count="0" type="stmt"/>
      <line num="151" count="1" type="cond" truecount="1" falsecount="0"/>
      <line num="152" count="1" type="stmt"/>
      <line num="153" count="1" type="stmt"/>
      <line num="154" count="1" type="stmt"/>
      <line num="155" count="1" type="stmt"/>
      <line num="156" count="1" type="stmt"/>
      <line num="157" count="1" type="stmt"/>
      <line num="158" count="1" type="cond" truecount="2" falsecount="0"/>
      <line num="159" count="1" type="cond" truecount="1" falsecount="1"/>
      <line num="163" count="1" type="stmt"/>
      <line num="164" count="1" type="stmt"/>
    </file>
  </project>
</coverage>
