{"/Volumes/Data/plumier/typedconverter/src/index.ts": {"path":"/Volumes/Data/plumier/typedconverter/src/index.ts","statementMap":{"0":{"start":{"line":1,"column":0},"end":{"line":1,"column":32}},"1":{"start":{"line":14,"column":8},"end":{"line":14,"column":null}},"2":{"start":{"line":13,"column":23},"end":{"line":13,"column":69}},"3":{"start":{"line":13,"column":78},"end":{"line":13,"column":87}},"4":{"start":{"line":15,"column":8},"end":{"line":15,"column":null}},"5":{"start":{"line":163,"column":53},"end":{"line":163,"column":68}},"6":{"start":{"line":24,"column":18},"end":{"line":24,"column":36}},"7":{"start":{"line":25,"column":4},"end":{"line":25,"column":null}},"8":{"start":{"line":31,"column":8},"end":{"line":31,"column":null}},"9":{"start":{"line":33,"column":8},"end":{"line":33,"column":null}},"10":{"start":{"line":46,"column":12},"end":{"line":46,"column":null}},"11":{"start":{"line":48,"column":12},"end":{"line":48,"column":null}},"12":{"start":{"line":54,"column":8},"end":{"line":54,"column":null}},"13":{"start":{"line":57,"column":24},"end":{"line":57,"column":137}},"14":{"start":{"line":58,"column":8},"end":{"line":62,"column":null}},"15":{"start":{"line":59,"column":12},"end":{"line":59,"column":null}},"16":{"start":{"line":60,"column":12},"end":{"line":60,"column":null}},"17":{"start":{"line":62,"column":13},"end":{"line":62,"column":null}},"18":{"start":{"line":70,"column":0},"end":{"line":70,"column":null}},"19":{"start":{"line":72,"column":30},"end":{"line":72,"column":52}},"20":{"start":{"line":77,"column":23},"end":{"line":77,"column":48}},"21":{"start":{"line":78,"column":8},"end":{"line":78,"column":null}},"22":{"start":{"line":78,"column":34},"end":{"line":78,"column":null}},"23":{"start":{"line":79,"column":8},"end":{"line":79,"column":null}},"24":{"start":{"line":71,"column":20},"end":{"line":80,"column":null}},"25":{"start":{"line":83,"column":22},"end":{"line":83,"column":44}},"26":{"start":{"line":84,"column":23},"end":{"line":84,"column":36}},"27":{"start":{"line":85,"column":8},"end":{"line":85,"column":null}},"28":{"start":{"line":85,"column":43},"end":{"line":85,"column":null}},"29":{"start":{"line":86,"column":8},"end":{"line":86,"column":null}},"30":{"start":{"line":82,"column":20},"end":{"line":87,"column":null}},"31":{"start":{"line":90,"column":22},"end":{"line":90,"column":44}},"32":{"start":{"line":91,"column":23},"end":{"line":91,"column":38}},"33":{"start":{"line":92,"column":8},"end":{"line":92,"column":null}},"34":{"start":{"line":92,"column":53},"end":{"line":92,"column":null}},"35":{"start":{"line":93,"column":8},"end":{"line":93,"column":null}},"36":{"start":{"line":89,"column":20},"end":{"line":94,"column":null}},"37":{"start":{"line":98,"column":38},"end":{"line":101,"column":40}},"38":{"start":{"line":99,"column":12},"end":{"line":101,"column":40}},"39":{"start":{"line":103,"column":8},"end":{"line":103,"column":null}},"40":{"start":{"line":103,"column":41},"end":{"line":103,"column":null}},"41":{"start":{"line":104,"column":24},"end":{"line":104,"column":45}},"42":{"start":{"line":106,"column":27},"end":{"line":106,"column":43}},"43":{"start":{"line":108,"column":8},"end":{"line":108,"column":null}},"44":{"start":{"line":108,"column":43},"end":{"line":108,"column":null}},"45":{"start":{"line":109,"column":25},"end":{"line":109,"column":55}},"46":{"start":{"line":112,"column":24},"end":{"line":112,"column":96}},"47":{"start":{"line":114,"column":12},"end":{"line":115,"column":null}},"48":{"start":{"line":114,"column":35},"end":{"line":114,"column":null}},"49":{"start":{"line":115,"column":17},"end":{"line":115,"column":null}},"50":{"start":{"line":117,"column":8},"end":{"line":117,"column":24}},"51":{"start":{"line":96,"column":20},"end":{"line":118,"column":null}},"52":{"start":{"line":122,"column":8},"end":{"line":122,"column":null}},"53":{"start":{"line":122,"column":35},"end":{"line":122,"column":null}},"54":{"start":{"line":123,"column":8},"end":{"line":123,"column":null}},"55":{"start":{"line":123,"column":42},"end":{"line":123,"column":null}},"56":{"start":{"line":124,"column":8},"end":{"line":124,"column":null}},"57":{"start":{"line":124,"column":35},"end":{"line":124,"column":101}},"58":{"start":{"line":120,"column":20},"end":{"line":125,"column":null}},"59":{"start":{"line":163,"column":20},"end":{"line":163,"column":37}},"60":{"start":{"line":133,"column":4},"end":{"line":133,"column":null}},"61":{"start":{"line":133,"column":47},"end":{"line":133,"column":null}},"62":{"start":{"line":134,"column":4},"end":{"line":134,"column":null}},"63":{"start":{"line":134,"column":23},"end":{"line":134,"column":null}},"64":{"start":{"line":135,"column":4},"end":{"line":135,"column":57}},"65":{"start":{"line":135,"column":44},"end":{"line":135,"column":57}},"66":{"start":{"line":137,"column":4},"end":{"line":147,"column":null}},"67":{"start":{"line":138,"column":8},"end":{"line":138,"column":null}},"68":{"start":{"line":140,"column":9},"end":{"line":147,"column":null}},"69":{"start":{"line":141,"column":8},"end":{"line":141,"column":null}},"70":{"start":{"line":143,"column":9},"end":{"line":147,"column":null}},"71":{"start":{"line":144,"column":8},"end":{"line":144,"column":null}},"72":{"start":{"line":147,"column":8},"end":{"line":147,"column":null}},"73":{"start":{"line":151,"column":4},"end":{"line":160,"column":null}},"74":{"start":{"line":152,"column":47},"end":{"line":152,"column":56}},"75":{"start":{"line":153,"column":8},"end":{"line":153,"column":null}},"76":{"start":{"line":154,"column":8},"end":{"line":154,"column":null}},"77":{"start":{"line":155,"column":8},"end":{"line":155,"column":null}},"78":{"start":{"line":156,"column":8},"end":{"line":156,"column":null}},"79":{"start":{"line":157,"column":8},"end":{"line":157,"column":72}},"80":{"start":{"line":158,"column":8},"end":{"line":158,"column":null}},"81":{"start":{"line":158,"column":47},"end":{"line":158,"column":87}},"82":{"start":{"line":159,"column":8},"end":{"line":159,"column":null}},"83":{"start":{"line":164,"column":0},"end":{"line":164,"column":null}}},"fnMap":{"0":{"name":"(anonymous_0)","decl":{"start":{"line":13,"column":4},"end":{"line":13,"column":23}},"loc":{"start":{"line":13,"column":90},"end":{"line":16,"column":5}}},"1":{"name":"createConversionError","decl":{"start":{"line":23,"column":9},"end":{"line":23,"column":30}},"loc":{"start":{"line":23,"column":72},"end":{"line":26,"column":1}}},"2":{"name":"safeToString","decl":{"start":{"line":29,"column":9},"end":{"line":29,"column":21}},"loc":{"start":{"line":29,"column":32},"end":{"line":35,"column":1}}},"3":{"name":"isCustomClass","decl":{"start":{"line":37,"column":9},"end":{"line":37,"column":22}},"loc":{"start":{"line":37,"column":50},"end":{"line":50,"column":1}}},"4":{"name":"createInstance","decl":{"start":{"line":52,"column":9},"end":{"line":52,"column":23}},"loc":{"start":{"line":52,"column":63},"end":{"line":64,"column":1}}},"5":{"name":"(anonymous_5)","decl":{"start":{"line":70,"column":0},"end":{"line":70,"column":10}},"loc":{"start":{"line":70,"column":27},"end":{"line":126,"column":1}}},"6":{"name":"booleanConverter","decl":{"start":{"line":71,"column":20},"end":{"line":71,"column":36}},"loc":{"start":{"line":71,"column":65},"end":{"line":80,"column":5}}},"7":{"name":"numberConverter","decl":{"start":{"line":82,"column":20},"end":{"line":82,"column":35}},"loc":{"start":{"line":82,"column":64},"end":{"line":87,"column":5}}},"8":{"name":"dateConverter","decl":{"start":{"line":89,"column":20},"end":{"line":89,"column":33}},"loc":{"start":{"line":89,"column":62},"end":{"line":94,"column":5}}},"9":{"name":"modelConverter","decl":{"start":{"line":96,"column":20},"end":{"line":96,"column":34}},"loc":{"start":{"line":96,"column":123},"end":{"line":118,"column":5}}},"10":{"name":"(anonymous_10)","decl":{"start":{"line":98,"column":38},"end":{"line":98,"column":39}},"loc":{"start":{"line":99,"column":12},"end":{"line":101,"column":40}}},"11":{"name":"arrayConverter","decl":{"start":{"line":120,"column":20},"end":{"line":120,"column":34}},"loc":{"start":{"line":120,"column":125},"end":{"line":125,"column":5}}},"12":{"name":"(anonymous_12)","decl":{"start":{"line":124,"column":25},"end":{"line":124,"column":26}},"loc":{"start":{"line":124,"column":35},"end":{"line":124,"column":101}}},"13":{"name":"convert","decl":{"start":{"line":132,"column":9},"end":{"line":132,"column":16}},"loc":{"start":{"line":132,"column":118},"end":{"line":148,"column":1}}},"14":{"name":"converter","decl":{"start":{"line":150,"column":9},"end":{"line":150,"column":18}},"loc":{"start":{"line":150,"column":120},"end":{"line":161,"column":1}}},"15":{"name":"(anonymous_15)","decl":{"start":{"line":151,"column":11},"end":{"line":151,"column":12}},"loc":{"start":{"line":151,"column":77},"end":{"line":160,"column":5}}},"16":{"name":"(anonymous_16)","decl":{"start":{"line":158,"column":42},"end":{"line":158,"column":43}},"loc":{"start":{"line":158,"column":47},"end":{"line":158,"column":87}}}},"branchMap":{"0":{"loc":{"start":{"line":13,"column":87},"end":{"line":13,"column":90}},"type":"default-arg","locations":[{"start":{"line":13,"column":87},"end":{"line":13,"column":90}}]},"1":{"loc":{"start":{"line":39,"column":8},"end":{"line":39,"column":23}},"type":"switch","locations":[{"start":{"line":39,"column":8},"end":{"line":39,"column":23}},{"start":{"line":40,"column":8},"end":{"line":40,"column":21}},{"start":{"line":41,"column":8},"end":{"line":41,"column":20}},{"start":{"line":42,"column":8},"end":{"line":42,"column":19}},{"start":{"line":43,"column":8},"end":{"line":43,"column":20}},{"start":{"line":44,"column":8},"end":{"line":44,"column":20}},{"start":{"line":45,"column":8},"end":{"line":46,"column":null}},{"start":{"line":47,"column":8},"end":{"line":48,"column":null}}]},"2":{"loc":{"start":{"line":38,"column":34},"end":{"line":38,"column":41}},"type":"cond-expr","locations":[{"start":{"line":38,"column":34},"end":{"line":38,"column":41}},{"start":{"line":38,"column":44},"end":{"line":38,"column":48}}]},"3":{"loc":{"start":{"line":58,"column":8},"end":{"line":62,"column":null}},"type":"if","locations":[{"start":{"line":58,"column":8},"end":{"line":62,"column":null}},{"start":{"line":58,"column":8},"end":{"line":62,"column":null}}]},"4":{"loc":{"start":{"line":78,"column":8},"end":{"line":78,"column":null}},"type":"if","locations":[{"start":{"line":78,"column":8},"end":{"line":78,"column":null}},{"start":{"line":78,"column":8},"end":{"line":78,"column":null}}]},"5":{"loc":{"start":{"line":85,"column":8},"end":{"line":85,"column":null}},"type":"if","locations":[{"start":{"line":85,"column":8},"end":{"line":85,"column":null}},{"start":{"line":85,"column":8},"end":{"line":85,"column":null}}]},"6":{"loc":{"start":{"line":85,"column":12},"end":{"line":85,"column":25}},"type":"binary-expr","locations":[{"start":{"line":85,"column":12},"end":{"line":85,"column":25}},{"start":{"line":85,"column":29},"end":{"line":85,"column":41}}]},"7":{"loc":{"start":{"line":92,"column":8},"end":{"line":92,"column":null}},"type":"if","locations":[{"start":{"line":92,"column":8},"end":{"line":92,"column":null}},{"start":{"line":92,"column":8},"end":{"line":92,"column":null}}]},"8":{"loc":{"start":{"line":92,"column":12},"end":{"line":92,"column":35}},"type":"binary-expr","locations":[{"start":{"line":92,"column":12},"end":{"line":92,"column":35}},{"start":{"line":92,"column":39},"end":{"line":92,"column":51}}]},"9":{"loc":{"start":{"line":99,"column":12},"end":{"line":99,"column":38}},"type":"binary-expr","locations":[{"start":{"line":99,"column":12},"end":{"line":99,"column":38}},{"start":{"line":100,"column":15},"end":{"line":100,"column":40}},{"start":{"line":101,"column":15},"end":{"line":101,"column":40}}]},"10":{"loc":{"start":{"line":103,"column":8},"end":{"line":103,"column":null}},"type":"if","locations":[{"start":{"line":103,"column":8},"end":{"line":103,"column":null}},{"start":{"line":103,"column":8},"end":{"line":103,"column":null}}]},"11":{"loc":{"start":{"line":108,"column":8},"end":{"line":108,"column":null}},"type":"if","locations":[{"start":{"line":108,"column":8},"end":{"line":108,"column":null}},{"start":{"line":108,"column":8},"end":{"line":108,"column":null}}]},"12":{"loc":{"start":{"line":114,"column":12},"end":{"line":115,"column":null}},"type":"if","locations":[{"start":{"line":114,"column":12},"end":{"line":115,"column":null}},{"start":{"line":114,"column":12},"end":{"line":115,"column":null}}]},"13":{"loc":{"start":{"line":122,"column":8},"end":{"line":122,"column":null}},"type":"if","locations":[{"start":{"line":122,"column":8},"end":{"line":122,"column":null}},{"start":{"line":122,"column":8},"end":{"line":122,"column":null}}]},"14":{"loc":{"start":{"line":123,"column":8},"end":{"line":123,"column":null}},"type":"if","locations":[{"start":{"line":123,"column":8},"end":{"line":123,"column":null}},{"start":{"line":123,"column":8},"end":{"line":123,"column":null}}]},"15":{"loc":{"start":{"line":70,"column":10},"end":{"line":70,"column":27}},"type":"binary-expr","locations":[{"start":{"line":70,"column":10},"end":{"line":70,"column":27}},{"start":{"line":70,"column":10},"end":{"line":70,"column":null}}]},"16":{"loc":{"start":{"line":133,"column":4},"end":{"line":133,"column":null}},"type":"if","locations":[{"start":{"line":133,"column":4},"end":{"line":133,"column":null}},{"start":{"line":133,"column":4},"end":{"line":133,"column":null}}]},"17":{"loc":{"start":{"line":133,"column":8},"end":{"line":133,"column":22}},"type":"binary-expr","locations":[{"start":{"line":133,"column":8},"end":{"line":133,"column":22}},{"start":{"line":133,"column":26},"end":{"line":133,"column":45}}]},"18":{"loc":{"start":{"line":134,"column":4},"end":{"line":134,"column":null}},"type":"if","locations":[{"start":{"line":134,"column":4},"end":{"line":134,"column":null}},{"start":{"line":134,"column":4},"end":{"line":134,"column":null}}]},"19":{"loc":{"start":{"line":135,"column":4},"end":{"line":135,"column":57}},"type":"if","locations":[{"start":{"line":135,"column":4},"end":{"line":135,"column":57}},{"start":{"line":135,"column":4},"end":{"line":135,"column":57}}]},"20":{"loc":{"start":{"line":137,"column":4},"end":{"line":147,"column":null}},"type":"if","locations":[{"start":{"line":137,"column":4},"end":{"line":147,"column":null}},{"start":{"line":137,"column":4},"end":{"line":147,"column":null}}]},"21":{"loc":{"start":{"line":140,"column":9},"end":{"line":147,"column":null}},"type":"if","locations":[{"start":{"line":140,"column":9},"end":{"line":147,"column":null}},{"start":{"line":140,"column":9},"end":{"line":147,"column":null}}]},"22":{"loc":{"start":{"line":143,"column":9},"end":{"line":147,"column":null}},"type":"if","locations":[{"start":{"line":143,"column":9},"end":{"line":147,"column":null}},{"start":{"line":143,"column":9},"end":{"line":147,"column":null}}]},"23":{"loc":{"start":{"line":150,"column":118},"end":{"line":150,"column":120}},"type":"default-arg","locations":[{"start":{"line":150,"column":118},"end":{"line":150,"column":120}}]},"24":{"loc":{"start":{"line":151,"column":71},"end":{"line":151,"column":73}},"type":"default-arg","locations":[{"start":{"line":151,"column":71},"end":{"line":151,"column":73}}]},"25":{"loc":{"start":{"line":158,"column":9},"end":{"line":158,"column":26}},"type":"binary-expr","locations":[{"start":{"line":158,"column":9},"end":{"line":158,"column":26}},{"start":{"line":158,"column":30},"end":{"line":158,"column":32}}]},"26":{"loc":{"start":{"line":159,"column":36},"end":{"line":159,"column":40}},"type":"binary-expr","locations":[{"start":{"line":159,"column":36},"end":{"line":159,"column":40}},{"start":{"line":159,"column":44},"end":{"line":159,"column":55}}]}},"s":{"0":1,"1":0,"2":0,"3":0,"4":0,"5":1,"6":0,"7":0,"8":0,"9":0,"10":0,"11":1,"12":1,"13":0,"14":0,"15":0,"16":0,"17":0,"18":1,"19":0,"20":0,"21":0,"22":0,"23":0,"24":1,"25":0,"26":0,"27":0,"28":0,"29":0,"30":1,"31":0,"32":0,"33":0,"34":0,"35":0,"36":1,"37":1,"38":1,"39":1,"40":0,"41":1,"42":1,"43":1,"44":0,"45":1,"46":0,"47":0,"48":0,"49":0,"50":1,"51":1,"52":0,"53":0,"54":0,"55":0,"56":0,"57":0,"58":1,"59":1,"60":1,"61":0,"62":1,"63":0,"64":1,"65":0,"66":1,"67":0,"68":1,"69":0,"70":1,"71":1,"72":0,"73":1,"74":1,"75":1,"76":1,"77":1,"78":1,"79":1,"80":1,"81":0,"82":1,"83":1},"f":{"0":0,"1":0,"2":0,"3":1,"4":1,"5":1,"6":0,"7":0,"8":0,"9":1,"10":1,"11":0,"12":0,"13":1,"14":1,"15":1,"16":0},"b":{"0":[0],"1":[0,0,0,0,0,0,0,1],"2":[0,1],"3":[0,0],"4":[0,0],"5":[0,0],"6":[0,0],"7":[0,0],"8":[0,0],"9":[1,1,1],"10":[0,1],"11":[0,1],"12":[0,0],"13":[0,0],"14":[0,0],"15":[1,1],"16":[0,1],"17":[1,1],"18":[0,1],"19":[0,1],"20":[0,1],"21":[0,1],"22":[1,0],"23":[1],"24":[1],"25":[1,1],"26":[1,0]}}
}
