TN:
SF:/Volumes/Data/plumier/typedconverter/src/index.ts
FN:13,(anonymous_0)
FN:23,createConversionError
FN:29,safeToString
FN:37,isCustomClass
FN:52,createInstance
FN:70,(anonymous_5)
FN:71,booleanConverter
FN:82,numberConverter
FN:89,dateConverter
FN:96,modelConverter
FN:98,(anonymous_10)
FN:120,arrayConverter
FN:124,(anonymous_12)
FN:132,convert
FN:150,converter
FN:151,(anonymous_15)
FN:158,(anonymous_16)
FNF:17
FNH:8
FNDA:0,(anonymous_0)
FNDA:0,createConversionError
FNDA:0,safeToString
FNDA:1,isCustomClass
FNDA:1,createInstance
FNDA:1,(anonymous_5)
FNDA:0,booleanConverter
FNDA:0,numberConverter
FNDA:0,dateConverter
FNDA:1,modelConverter
FNDA:1,(anonymous_10)
FNDA:0,arrayConverter
FNDA:0,(anonymous_12)
FNDA:1,convert
FNDA:1,converter
FNDA:1,(anonymous_15)
FNDA:0,(anonymous_16)
DA:1,1
DA:13,0
DA:14,0
DA:15,0
DA:24,0
DA:25,0
DA:31,0
DA:33,0
DA:46,0
DA:48,1
DA:54,1
DA:57,0
DA:58,0
DA:59,0
DA:60,0
DA:62,0
DA:70,1
DA:71,1
DA:72,0
DA:77,0
DA:78,0
DA:79,0
DA:82,1
DA:83,0
DA:84,0
DA:85,0
DA:86,0
DA:89,1
DA:90,0
DA:91,0
DA:92,0
DA:93,0
DA:96,1
DA:98,1
DA:99,1
DA:103,1
DA:104,1
DA:106,1
DA:108,1
DA:109,1
DA:112,0
DA:114,0
DA:115,0
DA:117,1
DA:120,1
DA:122,0
DA:123,0
DA:124,0
DA:133,1
DA:134,1
DA:135,1
DA:137,1
DA:138,0
DA:140,1
DA:141,0
DA:143,1
DA:144,1
DA:147,0
DA:151,1
DA:152,1
DA:153,1
DA:154,1
DA:155,1
DA:156,1
DA:157,1
DA:158,1
DA:159,1
DA:163,1
DA:164,1
LF:69
LH:35
BRDA:13,0,0,0
BRDA:39,1,0,0
BRDA:39,1,1,0
BRDA:39,1,2,0
BRDA:39,1,3,0
BRDA:39,1,4,0
BRDA:39,1,5,0
BRDA:39,1,6,0
BRDA:39,1,7,1
BRDA:38,2,0,0
BRDA:38,2,1,1
BRDA:58,3,0,0
BRDA:58,3,1,0
BRDA:78,4,0,0
BRDA:78,4,1,0
BRDA:85,5,0,0
BRDA:85,5,1,0
BRDA:85,6,0,0
BRDA:85,6,1,0
BRDA:92,7,0,0
BRDA:92,7,1,0
BRDA:92,8,0,0
BRDA:92,8,1,0
BRDA:99,9,0,1
BRDA:99,9,1,1
BRDA:99,9,2,1
BRDA:103,10,0,0
BRDA:103,10,1,1
BRDA:108,11,0,0
BRDA:108,11,1,1
BRDA:114,12,0,0
BRDA:114,12,1,0
BRDA:122,13,0,0
BRDA:122,13,1,0
BRDA:123,14,0,0
BRDA:123,14,1,0
BRDA:70,15,0,1
BRDA:70,15,1,1
BRDA:133,16,0,0
BRDA:133,16,1,1
BRDA:133,17,0,1
BRDA:133,17,1,1
BRDA:134,18,0,0
BRDA:134,18,1,1
BRDA:135,19,0,0
BRDA:135,19,1,1
BRDA:137,20,0,0
BRDA:137,20,1,1
BRDA:140,21,0,0
BRDA:140,21,1,1
BRDA:143,22,0,1
BRDA:143,22,1,0
BRDA:150,23,0,1
BRDA:151,24,0,1
BRDA:158,25,0,1
BRDA:158,25,1,1
BRDA:159,26,0,1
BRDA:159,26,1,0
BRF:58
BRH:22
end_of_record
